<?xml version="1.0" encoding="UTF-8"?>
<testng-results skipped="0" failed="0" ignored="0" total="2" passed="2">
  <reporter-output>
  </reporter-output>
  <suite name="Suite" duration-ms="37475" started-at="2019-09-02T02:05:48Z" finished-at="2019-09-02T02:06:25Z">
    <groups>
      <group name="cucumber">
        <method signature="AbstractTestNGCucumberTests.feature(cucumber.api.testng.CucumberFeatureWrapper)[pri:0, instance:CucumberOption.TestRunner@464bee09]" name="feature" class="cucumber.api.testng.AbstractTestNGCucumberTests"/>
      </group> <!-- cucumber -->
    </groups>
    <test name="Test" duration-ms="37475" started-at="2019-09-02T02:05:48Z" finished-at="2019-09-02T02:06:25Z">
      <class name="CucumberOption.TestRunner">
        <test-method status="PASS" signature="setUpClass()[pri:0, instance:CucumberOption.TestRunner@464bee09]" name="setUpClass" is-config="true" duration-ms="224" started-at="2019-09-02T02:05:48Z" finished-at="2019-09-02T02:05:48Z">
          <reporter-output>
          </reporter-output>
        </test-method> <!-- setUpClass -->
        <test-method status="PASS" signature="feature(cucumber.api.testng.CucumberFeatureWrapper)[pri:0, instance:CucumberOption.TestRunner@464bee09]" name="feature" duration-ms="19060" started-at="2019-09-02T02:05:48Z" description="Runs Cucumber Feature" data-provider="features" finished-at="2019-09-02T02:06:07Z">
          <params>
            <param index="0">
              <value>
                <![CDATA[login portal link]]>
              </value>
            </param>
          </params>
          <reporter-output>
          </reporter-output>
        </test-method> <!-- feature -->
        <test-method status="PASS" signature="feature(cucumber.api.testng.CucumberFeatureWrapper)[pri:0, instance:CucumberOption.TestRunner@464bee09]" name="feature" duration-ms="18077" started-at="2019-09-02T02:06:07Z" description="Runs Cucumber Feature" data-provider="features" finished-at="2019-09-02T02:06:25Z">
          <params>
            <param index="0">
              <value>
                <![CDATA[Application login]]>
              </value>
            </param>
          </params>
          <reporter-output>
          </reporter-output>
        </test-method> <!-- feature -->
        <test-method status="PASS" signature="tearDownClass()[pri:0, instance:CucumberOption.TestRunner@464bee09]" name="tearDownClass" is-config="true" duration-ms="6" started-at="2019-09-02T02:06:25Z" finished-at="2019-09-02T02:06:25Z">
          <reporter-output>
          </reporter-output>
        </test-method> <!-- tearDownClass -->
      </class> <!-- CucumberOption.TestRunner -->
    </test> <!-- Test -->
  </suite> <!-- Suite -->
</testng-results>
